<?xml version="1.0" encoding="UTF-8"?>
<!-- Generated by org.testng.reporters.JUnitReportReporter -->
<testsuite hostname="Admin-PC" failures="0" tests="2" name="org.example.TestCaculator" time="0.013" errors="0" timestamp="2025-04-06T23:07:29 GMT+07:00" skipped="0">
  <testcase classname="org.example.TestCaculator" name="testSum" time="0.001"/>
  <testcase classname="org.example.TestCaculator" name="testSub" time="0.012"/>
</testsuite> <!-- org.example.TestCaculator -->
